SF:lib\screens\profile_screen.dart
DA:7,10
DA:9,0
DA:10,0
DA:22,0
DA:24,0
DA:25,0
DA:26,0
DA:29,0
DA:30,0
DA:34,0
DA:36,0
DA:37,0
DA:39,0
DA:40,0
DA:41,0
DA:42,0
DA:48,0
DA:50,0
DA:51,0
DA:54,0
DA:56,0
DA:58,0
DA:59,0
DA:60,0
DA:61,0
DA:64,0
DA:66,0
DA:67,0
DA:69,0
DA:70,0
DA:71,0
DA:72,0
DA:74,0
DA:76,0
DA:78,0
DA:80,0
DA:81,0
DA:82,0
DA:84,0
DA:85,0
DA:87,0
DA:88,0
DA:97,0
DA:98,0
DA:104,0
DA:105,0
DA:106,0
DA:108,0
DA:109,0
DA:118,0
DA:119,0
DA:120,0
DA:122,0
DA:124,0
DA:125,0
DA:128,0
DA:129,0
DA:138,0
DA:139,0
DA:140,0
DA:148,0
DA:149,0
DA:150,0
DA:151,0
DA:153,0
DA:154,0
DA:156,0
DA:159,0
DA:191,10
DA:193,0
DA:195,0
DA:196,0
DA:198,0
DA:199,0
DA:200,0
DA:202,0
DA:203,0
DA:204,0
DA:205,0
DA:206,0
DA:208,0
DA:212,0
DA:213,0
DA:214,0
DA:215,0
DA:217,0
DA:223,0
DA:224,0
DA:225,0
DA:226,0
DA:228,0
DA:239,10
DA:241,0
DA:243,0
DA:254,0
DA:256,0
DA:258,0
DA:260,0
DA:261,0
DA:262,0
DA:265,0
DA:269,0
DA:271,0
DA:272,0
DA:273,0
DA:275,0
DA:276,0
DA:277,0
DA:278,0
DA:280,0
DA:282,0
DA:283,0
DA:284,0
DA:285,0
DA:292,0
DA:293,0
DA:295,0
DA:296,0
DA:298,0
LF:119
LH:3
end_of_record
SF:lib\screens\signIn_screen.dart
DA:8,25
DA:11,3
DA:12,3
DA:19,3
DA:21,3
DA:22,3
DA:23,9
DA:24,9
DA:26,3
DA:27,3
DA:28,3
DA:29,12
DA:30,3
DA:31,3
DA:32,3
DA:34,3
DA:41,3
DA:45,3
DA:49,3
DA:56,3
DA:60,3
DA:64,3
DA:66,3
DA:67,0
DA:68,0
DA:69,0
DA:70,0
DA:72,0
DA:73,0
DA:75,0
DA:77,0
DA:78,0
DA:82,3
DA:91,3
DA:92,3
DA:94,3
DA:95,3
DA:96,6
DA:97,3
DA:98,0
DA:99,0
DA:100,0
DA:102,3
DA:104,6
LF:44
LH:32
end_of_record
SF:lib\reusable_widgets\reusable_widget.dart
DA:4,5
DA:5,5
DA:13,5
DA:19,5
DA:25,5
DA:26,5
DA:28,5
DA:29,5
DA:34,5
DA:35,5
DA:47,5
DA:49,5
DA:50,15
DA:53,10
DA:54,5
DA:55,0
DA:56,0
DA:58,5
DA:59,10
DA:60,5
DA:65,5
DA:66,5
DA:67,5
DA:68,5
DA:79,1
DA:85,1
DA:87,1
DA:92,1
DA:93,1
LF:29
LH:27
end_of_record
SF:lib\screens\details_screen.dart
DA:9,0
DA:11,0
DA:12,0
DA:18,0
DA:20,0
DA:21,0
DA:24,0
DA:25,0
DA:28,0
DA:30,0
DA:31,0
DA:32,0
DA:33,0
DA:34,0
DA:39,0
DA:47,0
DA:50,0
DA:52,0
DA:56,0
DA:57,0
DA:61,0
DA:63,0
DA:64,0
DA:68,0
DA:69,0
DA:70,0
DA:73,0
DA:74,0
DA:75,0
DA:77,0
DA:78,0
DA:79,0
DA:81,0
DA:83,0
DA:86,0
DA:88,0
DA:89,0
DA:90,0
DA:91,0
DA:92,0
DA:96,0
DA:100,0
DA:106,0
DA:107,0
DA:109,0
DA:110,0
DA:112,0
DA:113,0
DA:114,0
DA:115,0
DA:116,0
DA:117,0
DA:118,0
DA:124,0
DA:125,0
DA:128,0
DA:130,0
DA:149,0
DA:153,0
DA:155,0
DA:156,0
DA:157,0
DA:158,0
DA:164,0
DA:165,0
DA:166,0
DA:167,0
DA:168,0
DA:169,0
DA:170,0
DA:174,0
DA:177,0
DA:178,0
DA:179,0
DA:181,0
DA:184,0
DA:185,0
DA:191,0
DA:192,0
DA:202,0
DA:205,0
DA:206,0
DA:207,0
DA:214,0
DA:215,0
DA:222,0
DA:225,0
DA:226,0
DA:227,0
DA:233,0
DA:234,0
DA:239,0
DA:240,0
DA:250,0
DA:252,0
DA:254,0
DA:256,0
DA:261,0
DA:263,0
DA:275,0
DA:276,0
DA:279,0
DA:280,0
DA:281,0
DA:284,0
DA:289,0
DA:291,0
DA:292,0
DA:293,0
DA:296,0
DA:298,0
DA:313,0
DA:314,0
DA:315,0
DA:317,0
DA:321,0
DA:323,0
DA:325,0
DA:326,0
DA:349,0
DA:354,0
DA:355,0
DA:356,0
DA:357,0
DA:358,0
DA:364,0
DA:366,0
DA:367,0
DA:371,0
LF:129
LH:0
end_of_record
SF:lib\screens\home_screen.dart
DA:10,11
DA:12,1
DA:13,1
DA:21,1
DA:22,1
DA:23,1
DA:24,0
DA:28,0
DA:29,0
DA:31,0
DA:32,0
DA:36,0
DA:39,0
DA:41,0
DA:45,1
DA:47,1
DA:48,1
DA:49,1
DA:50,1
DA:51,2
DA:53,0
DA:54,0
DA:56,0
DA:58,0
DA:59,0
DA:60,0
DA:71,0
DA:72,0
DA:74,0
DA:75,0
DA:76,0
DA:78,0
DA:79,0
DA:85,0
DA:86,0
DA:95,0
DA:96,0
DA:97,0
DA:99,0
DA:100,0
DA:101,0
DA:102,0
DA:106,0
DA:108,0
DA:111,0
DA:112,0
DA:114,0
DA:116,0
DA:117,0
DA:118,0
DA:124,0
DA:126,0
DA:129,0
DA:130,0
DA:132,0
DA:134,0
DA:135,0
DA:136,0
DA:142,0
DA:146,0
DA:147,0
DA:156,1
DA:157,1
DA:158,0
DA:159,0
DA:160,0
DA:161,0
DA:168,0
DA:169,0
DA:170,0
DA:171,0
DA:177,0
DA:178,0
DA:180,0
DA:182,0
DA:183,0
DA:184,0
DA:185,0
DA:186,0
DA:188,0
DA:189,0
DA:194,0
DA:196,0
DA:199,0
DA:200,0
DA:201,0
DA:202,0
DA:204,0
DA:205,0
DA:206,0
DA:207,0
DA:209,0
DA:210,0
DA:216,0
DA:223,0
DA:224,0
DA:225,0
DA:227,0
DA:228,0
DA:229,0
DA:230,0
DA:231,0
DA:232,0
DA:233,0
DA:234,0
DA:243,0
DA:244,0
DA:245,0
DA:246,0
DA:247,0
DA:258,0
DA:260,0
DA:263,0
DA:264,0
DA:272,0
DA:273,0
DA:280,0
DA:281,0
DA:296,0
DA:299,0
DA:307,0
DA:308,0
DA:309,0
DA:310,0
DA:316,0
DA:317,0
DA:319,0
DA:320,0
DA:322,0
DA:323,0
DA:324,0
DA:325,0
DA:329,0
DA:330,0
DA:335,0
DA:336,0
DA:337,0
DA:338,0
DA:341,0
DA:342,0
DA:345,0
DA:346,0
DA:349,0
DA:350,0
DA:351,0
DA:352,0
DA:354,0
DA:355,0
DA:356,0
DA:357,0
DA:359,0
DA:360,0
DA:366,0
DA:368,0
DA:369,0
DA:371,0
DA:372,0
DA:373,0
DA:375,0
DA:376,0
DA:377,0
DA:378,0
DA:379,0
DA:380,0
DA:381,0
DA:382,0
DA:391,0
DA:392,0
DA:393,0
DA:394,0
DA:395,0
DA:406,0
DA:408,0
DA:411,0
DA:412,0
DA:420,0
DA:421,0
DA:428,0
DA:429,0
DA:444,0
DA:447,0
LF:181
LH:14
end_of_record
SF:lib\screens\map_screen.dart
DA:11,10
DA:13,0
DA:14,0
DA:25,0
DA:26,0
DA:28,0
DA:29,0
DA:34,0
DA:35,0
DA:37,0
DA:38,0
DA:39,0
DA:43,0
DA:45,0
DA:46,0
DA:47,0
DA:48,0
DA:50,0
DA:52,0
DA:56,0
DA:62,0
DA:67,0
DA:69,0
DA:70,0
DA:71,0
DA:74,0
DA:76,0
DA:77,0
DA:78,0
DA:80,0
DA:81,0
DA:82,0
DA:83,0
DA:84,0
DA:85,0
DA:87,0
DA:88,0
DA:89,0
DA:92,0
DA:93,0
DA:94,0
DA:96,0
DA:109,0
DA:110,0
DA:111,0
DA:116,0
DA:119,0
DA:122,0
DA:125,0
DA:126,0
DA:127,0
DA:132,0
DA:135,0
DA:136,0
DA:138,0
DA:139,0
DA:141,0
DA:143,0
DA:144,0
DA:146,0
DA:147,0
DA:148,0
DA:149,0
DA:150,0
DA:151,0
DA:152,0
DA:153,0
DA:154,0
DA:155,0
DA:157,0
DA:160,0
DA:163,0
DA:165,0
DA:167,0
DA:168,0
DA:171,0
LF:76
LH:1
end_of_record
SF:lib\screens\signUp_screen.dart
DA:8,16
DA:10,2
DA:11,2
DA:23,2
DA:25,2
DA:26,2
DA:27,6
DA:28,6
DA:30,2
DA:31,2
DA:32,2
DA:33,8
DA:34,2
DA:35,2
DA:36,2
DA:37,2
DA:42,2
DA:43,2
DA:47,2
DA:52,2
DA:53,2
DA:57,2
DA:62,2
DA:63,2
DA:67,2
DA:72,2
DA:73,2
DA:77,2
DA:82,2
DA:86,2
DA:90,2
DA:91,0
DA:92,0
DA:93,0
DA:94,0
DA:95,0
DA:96,0
DA:97,0
DA:99,0
DA:101,0
DA:102,0
DA:103,0
DA:104,0
DA:107,0
DA:110,2
DA:119,2
DA:120,2
DA:122,2
DA:123,2
DA:124,4
DA:125,2
DA:126,0
DA:127,0
DA:128,0
DA:130,2
DA:132,4
DA:139,0
DA:140,0
DA:141,0
DA:147,0
DA:148,0
DA:151,0
DA:152,0
DA:153,0
DA:156,0
DA:158,0
DA:159,0
DA:160,0
DA:161,0
DA:165,0
DA:167,0
DA:168,0
DA:169,0
DA:172,0
DA:175,0
LF:75
LH:40
end_of_record
SF:lib\main.dart
DA:5,0
DA:6,0
DA:7,0
DA:8,0
DA:12,2
DA:14,1
DA:16,1
DA:18,1
LF:8
LH:4
end_of_record
